<?xml version="1.0" encoding="UTF-8"?>
<testng-results ignored="0" total="1" passed="1" failed="0" skipped="0">
  <reporter-output>
  </reporter-output>
  <suite started-at="2025-10-11T15:13:45 IST" name="Default suite" finished-at="2025-10-11T15:13:58 IST" duration-ms="13460">
    <groups>
    </groups>
    <test started-at="2025-10-11T15:13:45 IST" name="Default test" finished-at="2025-10-11T15:13:58 IST" duration-ms="13460">
      <class name="extentreports.Tolearn_Screenshot">
        <test-method signature="addscreenshot()[pri:0, instance:extentreports.Tolearn_Screenshot@4c12331b]" started-at="2025-10-11T15:13:45 IST" name="addscreenshot" finished-at="2025-10-11T15:13:58 IST" duration-ms="13414" status="PASS">
          <reporter-output>
          </reporter-output>
        </test-method> <!-- addscreenshot -->
      </class> <!-- extentreports.Tolearn_Screenshot -->
    </test> <!-- Default test -->
  </suite> <!-- Default suite -->
</testng-results>
